2024-05-10T10:27:28.829+03:00  INFO 15888 --- [main] c.e.f.t.DriverControllerIntegrationTest  : Starting DriverControllerIntegrationTest using Java 17.0.2 with PID 15888 (started by hongu in C:\Users\hongu\OneDrive\Desktop\master\gitreps\AWBD\FoodDeliveryApp)
2024-05-10T10:27:28.837+03:00 DEBUG 15888 --- [main] c.e.f.t.DriverControllerIntegrationTest  : Running with Spring Boot v3.2.5, Spring v6.1.6
2024-05-10T10:27:28.839+03:00  INFO 15888 --- [main] c.e.f.t.DriverControllerIntegrationTest  : No active profile set, falling back to 1 default profile: "default"
2024-05-10T10:27:29.641+03:00  INFO 15888 --- [main] .s.d.r.c.RepositoryConfigurationDelegate : Bootstrapping Spring Data JPA repositories in DEFAULT mode.
2024-05-10T10:27:29.721+03:00  INFO 15888 --- [main] .s.d.r.c.RepositoryConfigurationDelegate : Finished Spring Data repository scanning in 70 ms. Found 7 JPA repository interfaces.
2024-05-10T10:27:30.255+03:00  INFO 15888 --- [main] com.zaxxer.hikari.HikariDataSource       : HikariPool-1 - Starting...
2024-05-10T10:27:30.557+03:00  INFO 15888 --- [main] com.zaxxer.hikari.pool.HikariPool        : HikariPool-1 - Added connection conn0: url=jdbc:h2:mem:fd3bc48d-4397-47a9-91b0-76939c003ec4 user=SA
2024-05-10T10:27:30.558+03:00  INFO 15888 --- [main] com.zaxxer.hikari.HikariDataSource       : HikariPool-1 - Start completed.
2024-05-10T10:27:30.606+03:00  INFO 15888 --- [main] o.hibernate.jpa.internal.util.LogHelper  : HHH000204: Processing PersistenceUnitInfo [name: default]
2024-05-10T10:27:30.704+03:00  INFO 15888 --- [main] org.hibernate.Version                    : HHH000412: Hibernate ORM core version 6.4.4.Final
2024-05-10T10:27:30.762+03:00  INFO 15888 --- [main] o.h.c.internal.RegionFactoryInitiator    : HHH000026: Second-level cache disabled
2024-05-10T10:27:31.078+03:00  INFO 15888 --- [main] o.s.o.j.p.SpringPersistenceUnitInfo      : No LoadTimeWeaver setup: ignoring JPA class transformer
2024-05-10T10:27:32.396+03:00  INFO 15888 --- [main] o.h.e.t.j.p.i.JtaPlatformInitiator       : HHH000489: No JTA platform available (set 'hibernate.transaction.jta.platform' to enable JTA platform integration)
2024-05-10T10:27:32.460+03:00  INFO 15888 --- [main] j.LocalContainerEntityManagerFactoryBean : Initialized JPA EntityManagerFactory for persistence unit 'default'
2024-05-10T10:27:33.282+03:00  WARN 15888 --- [main] JpaBaseConfiguration$JpaWebConfiguration : spring.jpa.open-in-view is enabled by default. Therefore, database queries may be performed during view rendering. Explicitly configure spring.jpa.open-in-view to disable this warning
2024-05-10T10:27:33.826+03:00  INFO 15888 --- [main] o.s.b.t.m.w.SpringBootMockServletContext : Initializing Spring TestDispatcherServlet ''
2024-05-10T10:27:33.827+03:00  INFO 15888 --- [main] o.s.t.web.servlet.TestDispatcherServlet  : Initializing Servlet ''
2024-05-10T10:27:33.828+03:00  INFO 15888 --- [main] o.s.t.web.servlet.TestDispatcherServlet  : Completed initialization in 1 ms
2024-05-10T10:27:33.861+03:00  INFO 15888 --- [main] c.e.f.t.DriverControllerIntegrationTest  : Started DriverControllerIntegrationTest in 5.494 seconds (process running for 7.33)
2024-05-10T10:27:34.401+03:00  INFO 15888 --- [main] c.e.f.services.ChefService               : Fetching driver with ID 1
2024-05-10T10:27:34.583+03:00  INFO 15888 --- [main] c.e.f.services.ChefService               : Fetching driver with ID 999
2024-05-10T10:27:34.681+03:00  INFO 15888 --- [main] c.e.f.services.ChefService               : Fetching driver with ID 5
2024-05-10T10:27:34.683+03:00  INFO 15888 --- [main] c.e.f.services.ChefService               : Updating driver with ID 5
2024-05-10T10:27:34.736+03:00  INFO 15888 --- [main] c.e.f.services.ChefService               : Fetching driver with ID 999
2024-05-10T10:27:34.767+03:00  INFO 15888 --- [main] c.e.f.services.ChefService               : Fetching all drivers by page.
2024-05-10T10:27:34.846+03:00  INFO 15888 --- [main] c.e.f.services.ChefService               : Fetching driver with ID 11
2024-05-10T10:27:34.847+03:00  INFO 15888 --- [main] c.e.f.services.ChefService               : Deleting driver with ID 11
2024-05-10T10:27:34.869+03:00  INFO 15888 --- [main] c.e.f.services.ChefService               : Fetching all drivers
2024-05-10T10:27:34.890+03:00  INFO 15888 --- [main] c.e.f.services.ChefService               : Fetching driver with ID 999
2024-05-10T10:27:34.928+03:00  INFO 15888 --- [SpringApplicationShutdownHook] j.LocalContainerEntityManagerFactoryBean : Closing JPA EntityManagerFactory for persistence unit 'default'
2024-05-10T10:27:34.938+03:00  INFO 15888 --- [SpringApplicationShutdownHook] com.zaxxer.hikari.HikariDataSource       : HikariPool-1 - Shutdown initiated...
2024-05-10T10:27:34.944+03:00  INFO 15888 --- [SpringApplicationShutdownHook] com.zaxxer.hikari.HikariDataSource       : HikariPool-1 - Shutdown completed.
2024-05-10T10:32:48.048+03:00  INFO 16908 --- [main] c.e.f.t.DriverControllerIntegrationTest  : Starting DriverControllerIntegrationTest using Java 17.0.2 with PID 16908 (started by hongu in C:\Users\hongu\OneDrive\Desktop\master\gitreps\AWBD\FoodDeliveryApp)
2024-05-10T10:32:48.050+03:00 DEBUG 16908 --- [main] c.e.f.t.DriverControllerIntegrationTest  : Running with Spring Boot v3.2.5, Spring v6.1.6
2024-05-10T10:32:48.051+03:00  INFO 16908 --- [main] c.e.f.t.DriverControllerIntegrationTest  : No active profile set, falling back to 1 default profile: "default"
2024-05-10T10:32:48.805+03:00  INFO 16908 --- [main] .s.d.r.c.RepositoryConfigurationDelegate : Bootstrapping Spring Data JPA repositories in DEFAULT mode.
2024-05-10T10:32:48.887+03:00  INFO 16908 --- [main] .s.d.r.c.RepositoryConfigurationDelegate : Finished Spring Data repository scanning in 71 ms. Found 7 JPA repository interfaces.
2024-05-10T10:32:49.393+03:00  INFO 16908 --- [main] com.zaxxer.hikari.HikariDataSource       : HikariPool-1 - Starting...
2024-05-10T10:32:49.701+03:00  INFO 16908 --- [main] com.zaxxer.hikari.pool.HikariPool        : HikariPool-1 - Added connection conn0: url=jdbc:h2:mem:90ca4d0c-5a22-4708-9052-446c4ba16f27 user=SA
2024-05-10T10:32:49.702+03:00  INFO 16908 --- [main] com.zaxxer.hikari.HikariDataSource       : HikariPool-1 - Start completed.
2024-05-10T10:32:49.767+03:00  INFO 16908 --- [main] o.hibernate.jpa.internal.util.LogHelper  : HHH000204: Processing PersistenceUnitInfo [name: default]
2024-05-10T10:32:49.857+03:00  INFO 16908 --- [main] org.hibernate.Version                    : HHH000412: Hibernate ORM core version 6.4.4.Final
2024-05-10T10:32:49.897+03:00  INFO 16908 --- [main] o.h.c.internal.RegionFactoryInitiator    : HHH000026: Second-level cache disabled
2024-05-10T10:32:50.198+03:00  INFO 16908 --- [main] o.s.o.j.p.SpringPersistenceUnitInfo      : No LoadTimeWeaver setup: ignoring JPA class transformer
2024-05-10T10:32:51.523+03:00  INFO 16908 --- [main] o.h.e.t.j.p.i.JtaPlatformInitiator       : HHH000489: No JTA platform available (set 'hibernate.transaction.jta.platform' to enable JTA platform integration)
2024-05-10T10:32:51.584+03:00  INFO 16908 --- [main] j.LocalContainerEntityManagerFactoryBean : Initialized JPA EntityManagerFactory for persistence unit 'default'
2024-05-10T10:32:52.199+03:00  WARN 16908 --- [main] JpaBaseConfiguration$JpaWebConfiguration : spring.jpa.open-in-view is enabled by default. Therefore, database queries may be performed during view rendering. Explicitly configure spring.jpa.open-in-view to disable this warning
2024-05-10T10:32:52.724+03:00  INFO 16908 --- [main] o.s.b.t.m.w.SpringBootMockServletContext : Initializing Spring TestDispatcherServlet ''
2024-05-10T10:32:52.724+03:00  INFO 16908 --- [main] o.s.t.web.servlet.TestDispatcherServlet  : Initializing Servlet ''
2024-05-10T10:32:52.725+03:00  INFO 16908 --- [main] o.s.t.web.servlet.TestDispatcherServlet  : Completed initialization in 1 ms
2024-05-10T10:32:52.776+03:00  INFO 16908 --- [main] c.e.f.t.DriverControllerIntegrationTest  : Started DriverControllerIntegrationTest in 5.133 seconds (process running for 6.778)
2024-05-10T10:32:53.371+03:00  INFO 16908 --- [main] c.e.f.services.ChefService               : Fetching driver with ID 1
2024-05-10T10:32:53.517+03:00  INFO 16908 --- [main] c.e.f.services.ChefService               : Fetching driver with ID 999
2024-05-10T10:32:53.596+03:00  INFO 16908 --- [main] c.e.f.services.ChefService               : Fetching driver with ID 5
2024-05-10T10:32:53.597+03:00  INFO 16908 --- [main] c.e.f.services.ChefService               : Updating driver with ID 5
2024-05-10T10:32:53.664+03:00  INFO 16908 --- [main] c.e.f.services.ChefService               : Fetching driver with ID 999
2024-05-10T10:32:53.707+03:00  INFO 16908 --- [main] c.e.f.services.ChefService               : Fetching all drivers by page.
2024-05-10T10:32:53.773+03:00  INFO 16908 --- [main] c.e.f.services.ChefService               : Fetching driver with ID 11
2024-05-10T10:32:53.773+03:00  INFO 16908 --- [main] c.e.f.services.ChefService               : Deleting driver with ID 11
2024-05-10T10:32:53.798+03:00  INFO 16908 --- [main] c.e.f.services.ChefService               : Fetching all drivers
2024-05-10T10:32:53.820+03:00  INFO 16908 --- [main] c.e.f.services.ChefService               : Fetching driver with ID 999
2024-05-10T10:32:53.863+03:00  INFO 16908 --- [SpringApplicationShutdownHook] j.LocalContainerEntityManagerFactoryBean : Closing JPA EntityManagerFactory for persistence unit 'default'
2024-05-10T10:32:53.875+03:00  INFO 16908 --- [SpringApplicationShutdownHook] com.zaxxer.hikari.HikariDataSource       : HikariPool-1 - Shutdown initiated...
2024-05-10T10:32:53.878+03:00  INFO 16908 --- [SpringApplicationShutdownHook] com.zaxxer.hikari.HikariDataSource       : HikariPool-1 - Shutdown completed.
2024-05-10T10:38:02.608+03:00  INFO 16472 --- [main] c.e.f.t.ChefControllerIntegrationTest    : Starting ChefControllerIntegrationTest using Java 17.0.2 with PID 16472 (started by hongu in C:\Users\hongu\OneDrive\Desktop\master\gitreps\AWBD\FoodDeliveryApp)
2024-05-10T10:38:02.609+03:00 DEBUG 16472 --- [main] c.e.f.t.ChefControllerIntegrationTest    : Running with Spring Boot v3.2.5, Spring v6.1.6
2024-05-10T10:38:02.610+03:00  INFO 16472 --- [main] c.e.f.t.ChefControllerIntegrationTest    : No active profile set, falling back to 1 default profile: "default"
2024-05-10T10:38:03.415+03:00  INFO 16472 --- [main] .s.d.r.c.RepositoryConfigurationDelegate : Bootstrapping Spring Data JPA repositories in DEFAULT mode.
2024-05-10T10:38:03.520+03:00  INFO 16472 --- [main] .s.d.r.c.RepositoryConfigurationDelegate : Finished Spring Data repository scanning in 90 ms. Found 7 JPA repository interfaces.
2024-05-10T10:38:04.130+03:00  INFO 16472 --- [main] com.zaxxer.hikari.HikariDataSource       : HikariPool-1 - Starting...
2024-05-10T10:38:04.484+03:00  INFO 16472 --- [main] com.zaxxer.hikari.pool.HikariPool        : HikariPool-1 - Added connection conn0: url=jdbc:h2:mem:4b485164-e0ea-45d6-8748-af76a2091857 user=SA
2024-05-10T10:38:04.486+03:00  INFO 16472 --- [main] com.zaxxer.hikari.HikariDataSource       : HikariPool-1 - Start completed.
2024-05-10T10:38:04.548+03:00  INFO 16472 --- [main] o.hibernate.jpa.internal.util.LogHelper  : HHH000204: Processing PersistenceUnitInfo [name: default]
2024-05-10T10:38:04.645+03:00  INFO 16472 --- [main] org.hibernate.Version                    : HHH000412: Hibernate ORM core version 6.4.4.Final
2024-05-10T10:38:04.693+03:00  INFO 16472 --- [main] o.h.c.internal.RegionFactoryInitiator    : HHH000026: Second-level cache disabled
2024-05-10T10:38:05.046+03:00  INFO 16472 --- [main] o.s.o.j.p.SpringPersistenceUnitInfo      : No LoadTimeWeaver setup: ignoring JPA class transformer
2024-05-10T10:38:06.295+03:00  INFO 16472 --- [main] o.h.e.t.j.p.i.JtaPlatformInitiator       : HHH000489: No JTA platform available (set 'hibernate.transaction.jta.platform' to enable JTA platform integration)
2024-05-10T10:38:06.357+03:00  INFO 16472 --- [main] j.LocalContainerEntityManagerFactoryBean : Initialized JPA EntityManagerFactory for persistence unit 'default'
2024-05-10T10:38:07.123+03:00  WARN 16472 --- [main] JpaBaseConfiguration$JpaWebConfiguration : spring.jpa.open-in-view is enabled by default. Therefore, database queries may be performed during view rendering. Explicitly configure spring.jpa.open-in-view to disable this warning
2024-05-10T10:38:07.909+03:00  INFO 16472 --- [main] o.s.b.t.m.w.SpringBootMockServletContext : Initializing Spring TestDispatcherServlet ''
2024-05-10T10:38:07.910+03:00  INFO 16472 --- [main] o.s.t.web.servlet.TestDispatcherServlet  : Initializing Servlet ''
2024-05-10T10:38:07.912+03:00  INFO 16472 --- [main] o.s.t.web.servlet.TestDispatcherServlet  : Completed initialization in 2 ms
2024-05-10T10:38:07.970+03:00  INFO 16472 --- [main] c.e.f.t.ChefControllerIntegrationTest    : Started ChefControllerIntegrationTest in 5.818 seconds (process running for 7.518)
2024-05-10T10:38:08.575+03:00  INFO 16472 --- [main] c.e.f.services.ChefService               : Fetching chef with ID 999
2024-05-10T10:38:08.806+03:00  INFO 16472 --- [main] c.e.f.services.ChefService               : Fetching chef with ID 3
2024-05-10T10:38:08.877+03:00  INFO 16472 --- [main] c.e.f.services.ChefService               : Fetching all chefs
2024-05-10T10:38:08.983+03:00  INFO 16472 --- [main] c.e.f.services.ChefService               : Fetching chef with ID 7
2024-05-10T10:38:08.984+03:00  INFO 16472 --- [main] c.e.f.services.ChefService               : Updating chef with ID 7
2024-05-10T10:38:09.016+03:00  INFO 16472 --- [main] c.e.f.services.ChefService               : Creating a new chef
2024-05-10T10:38:09.044+03:00  INFO 16472 --- [main] c.e.f.services.ChefService               : Fetching chef with ID 12
2024-05-10T10:38:09.045+03:00  INFO 16472 --- [main] c.e.f.services.ChefService               : Deleting chef with ID 12
2024-05-10T10:38:09.076+03:00  INFO 16472 --- [main] c.e.f.services.ChefService               : Fetching chef with ID 999
2024-05-10T10:38:09.115+03:00  INFO 16472 --- [main] c.e.f.services.ChefService               : Fetching all chefs by page.
2024-05-10T10:38:09.216+03:00  INFO 16472 --- [main] c.e.f.services.ChefService               : Fetching chef with ID 999
2024-05-10T10:38:09.239+03:00  INFO 16472 --- [SpringApplicationShutdownHook] j.LocalContainerEntityManagerFactoryBean : Closing JPA EntityManagerFactory for persistence unit 'default'
2024-05-10T10:38:09.255+03:00  INFO 16472 --- [SpringApplicationShutdownHook] com.zaxxer.hikari.HikariDataSource       : HikariPool-1 - Shutdown initiated...
2024-05-10T10:38:09.258+03:00  INFO 16472 --- [SpringApplicationShutdownHook] com.zaxxer.hikari.HikariDataSource       : HikariPool-1 - Shutdown completed.
2024-05-10T10:46:57.404+03:00  INFO 1976 --- [main] c.e.f.t.OrderControllerIntegrationTest   : Starting OrderControllerIntegrationTest using Java 17.0.2 with PID 1976 (started by hongu in C:\Users\hongu\OneDrive\Desktop\master\gitreps\AWBD\FoodDeliveryApp)
2024-05-10T10:46:57.405+03:00 DEBUG 1976 --- [main] c.e.f.t.OrderControllerIntegrationTest   : Running with Spring Boot v3.2.5, Spring v6.1.6
2024-05-10T10:46:57.406+03:00  INFO 1976 --- [main] c.e.f.t.OrderControllerIntegrationTest   : No active profile set, falling back to 1 default profile: "default"
2024-05-10T10:46:58.175+03:00  INFO 1976 --- [main] .s.d.r.c.RepositoryConfigurationDelegate : Bootstrapping Spring Data JPA repositories in DEFAULT mode.
2024-05-10T10:46:58.259+03:00  INFO 1976 --- [main] .s.d.r.c.RepositoryConfigurationDelegate : Finished Spring Data repository scanning in 70 ms. Found 7 JPA repository interfaces.
2024-05-10T10:46:58.820+03:00  INFO 1976 --- [main] com.zaxxer.hikari.HikariDataSource       : HikariPool-1 - Starting...
2024-05-10T10:46:59.123+03:00  INFO 1976 --- [main] com.zaxxer.hikari.pool.HikariPool        : HikariPool-1 - Added connection conn0: url=jdbc:h2:mem:bf16ff6e-0a92-45bd-9166-b552774b002b user=SA
2024-05-10T10:46:59.124+03:00  INFO 1976 --- [main] com.zaxxer.hikari.HikariDataSource       : HikariPool-1 - Start completed.
2024-05-10T10:46:59.192+03:00  INFO 1976 --- [main] o.hibernate.jpa.internal.util.LogHelper  : HHH000204: Processing PersistenceUnitInfo [name: default]
2024-05-10T10:46:59.268+03:00  INFO 1976 --- [main] org.hibernate.Version                    : HHH000412: Hibernate ORM core version 6.4.4.Final
2024-05-10T10:46:59.314+03:00  INFO 1976 --- [main] o.h.c.internal.RegionFactoryInitiator    : HHH000026: Second-level cache disabled
2024-05-10T10:46:59.648+03:00  INFO 1976 --- [main] o.s.o.j.p.SpringPersistenceUnitInfo      : No LoadTimeWeaver setup: ignoring JPA class transformer
2024-05-10T10:47:00.867+03:00  INFO 1976 --- [main] o.h.e.t.j.p.i.JtaPlatformInitiator       : HHH000489: No JTA platform available (set 'hibernate.transaction.jta.platform' to enable JTA platform integration)
2024-05-10T10:47:00.926+03:00  INFO 1976 --- [main] j.LocalContainerEntityManagerFactoryBean : Initialized JPA EntityManagerFactory for persistence unit 'default'
2024-05-10T10:47:01.593+03:00  WARN 1976 --- [main] JpaBaseConfiguration$JpaWebConfiguration : spring.jpa.open-in-view is enabled by default. Therefore, database queries may be performed during view rendering. Explicitly configure spring.jpa.open-in-view to disable this warning
2024-05-10T10:47:02.053+03:00  INFO 1976 --- [main] o.s.b.t.m.w.SpringBootMockServletContext : Initializing Spring TestDispatcherServlet ''
2024-05-10T10:47:02.054+03:00  INFO 1976 --- [main] o.s.t.web.servlet.TestDispatcherServlet  : Initializing Servlet ''
2024-05-10T10:47:02.055+03:00  INFO 1976 --- [main] o.s.t.web.servlet.TestDispatcherServlet  : Completed initialization in 1 ms
2024-05-10T10:47:02.086+03:00  INFO 1976 --- [main] c.e.f.t.OrderControllerIntegrationTest   : Started OrderControllerIntegrationTest in 5.129 seconds (process running for 6.68)
2024-05-10T10:47:02.561+03:00  INFO 1976 --- [main] c.e.f.services.OrderService              : Fetching order with ID 999
2024-05-10T10:47:02.690+03:00  INFO 1976 --- [main] c.e.f.services.OrderService              : Fetching order with ID 3
2024-05-10T10:47:02.695+03:00  INFO 1976 --- [main] c.e.f.services.OrderService              : Deleting order with ID 3
2024-05-10T10:47:02.738+03:00  INFO 1976 --- [main] c.e.f.services.OrderService              : Fetching order with ID 5
2024-05-10T10:47:02.739+03:00  INFO 1976 --- [main] c.e.f.services.OrderService              : Updating order with ID 5
2024-05-10T10:47:02.785+03:00  INFO 1976 --- [main] c.e.f.services.OrderService              : Fetching order with ID 999
2024-05-10T10:47:02.810+03:00  INFO 1976 --- [main] c.e.f.services.OrderService              : Fetching all orders by page.
2024-05-10T10:47:02.876+03:00  INFO 1976 --- [main] c.e.f.services.OrderService              : Fetching all orders
2024-05-10T10:47:02.901+03:00  INFO 1976 --- [main] c.e.f.services.OrderService              : Fetching order with ID 15
2024-05-10T10:47:02.922+03:00  INFO 1976 --- [main] c.e.f.services.OrderService              : Fetching order with ID 999
2024-05-10T10:47:02.936+03:00  INFO 1976 --- [SpringApplicationShutdownHook] j.LocalContainerEntityManagerFactoryBean : Closing JPA EntityManagerFactory for persistence unit 'default'
2024-05-10T10:47:02.945+03:00  INFO 1976 --- [SpringApplicationShutdownHook] com.zaxxer.hikari.HikariDataSource       : HikariPool-1 - Shutdown initiated...
2024-05-10T10:47:02.948+03:00  INFO 1976 --- [SpringApplicationShutdownHook] com.zaxxer.hikari.HikariDataSource       : HikariPool-1 - Shutdown completed.
2024-05-10T10:48:20.234+03:00  INFO 9616 --- [main] c.e.f.t.OrderControllerIntegrationTest   : Starting OrderControllerIntegrationTest using Java 17.0.2 with PID 9616 (started by hongu in C:\Users\hongu\OneDrive\Desktop\master\gitreps\AWBD\FoodDeliveryApp)
2024-05-10T10:48:20.236+03:00 DEBUG 9616 --- [main] c.e.f.t.OrderControllerIntegrationTest   : Running with Spring Boot v3.2.5, Spring v6.1.6
2024-05-10T10:48:20.237+03:00  INFO 9616 --- [main] c.e.f.t.OrderControllerIntegrationTest   : No active profile set, falling back to 1 default profile: "default"
2024-05-10T10:48:20.930+03:00  INFO 9616 --- [main] .s.d.r.c.RepositoryConfigurationDelegate : Bootstrapping Spring Data JPA repositories in DEFAULT mode.
2024-05-10T10:48:21.010+03:00  INFO 9616 --- [main] .s.d.r.c.RepositoryConfigurationDelegate : Finished Spring Data repository scanning in 70 ms. Found 7 JPA repository interfaces.
2024-05-10T10:48:21.505+03:00  INFO 9616 --- [main] com.zaxxer.hikari.HikariDataSource       : HikariPool-1 - Starting...
2024-05-10T10:48:21.783+03:00  INFO 9616 --- [main] com.zaxxer.hikari.pool.HikariPool        : HikariPool-1 - Added connection conn0: url=jdbc:h2:mem:ad28d959-289f-4ae4-a836-b812dc6b7c28 user=SA
2024-05-10T10:48:21.785+03:00  INFO 9616 --- [main] com.zaxxer.hikari.HikariDataSource       : HikariPool-1 - Start completed.
2024-05-10T10:48:21.843+03:00  INFO 9616 --- [main] o.hibernate.jpa.internal.util.LogHelper  : HHH000204: Processing PersistenceUnitInfo [name: default]
2024-05-10T10:48:21.923+03:00  INFO 9616 --- [main] org.hibernate.Version                    : HHH000412: Hibernate ORM core version 6.4.4.Final
2024-05-10T10:48:21.966+03:00  INFO 9616 --- [main] o.h.c.internal.RegionFactoryInitiator    : HHH000026: Second-level cache disabled
2024-05-10T10:48:22.288+03:00  INFO 9616 --- [main] o.s.o.j.p.SpringPersistenceUnitInfo      : No LoadTimeWeaver setup: ignoring JPA class transformer
2024-05-10T10:48:23.439+03:00  INFO 9616 --- [main] o.h.e.t.j.p.i.JtaPlatformInitiator       : HHH000489: No JTA platform available (set 'hibernate.transaction.jta.platform' to enable JTA platform integration)
2024-05-10T10:48:23.490+03:00  INFO 9616 --- [main] j.LocalContainerEntityManagerFactoryBean : Initialized JPA EntityManagerFactory for persistence unit 'default'
2024-05-10T10:48:24.111+03:00  WARN 9616 --- [main] JpaBaseConfiguration$JpaWebConfiguration : spring.jpa.open-in-view is enabled by default. Therefore, database queries may be performed during view rendering. Explicitly configure spring.jpa.open-in-view to disable this warning
2024-05-10T10:48:24.507+03:00  INFO 9616 --- [main] o.s.b.t.m.w.SpringBootMockServletContext : Initializing Spring TestDispatcherServlet ''
2024-05-10T10:48:24.507+03:00  INFO 9616 --- [main] o.s.t.web.servlet.TestDispatcherServlet  : Initializing Servlet ''
2024-05-10T10:48:24.509+03:00  INFO 9616 --- [main] o.s.t.web.servlet.TestDispatcherServlet  : Completed initialization in 1 ms
2024-05-10T10:48:24.537+03:00  INFO 9616 --- [main] c.e.f.t.OrderControllerIntegrationTest   : Started OrderControllerIntegrationTest in 4.786 seconds (process running for 6.186)
2024-05-10T10:48:24.932+03:00  INFO 9616 --- [main] c.e.f.services.OrderService              : Fetching order with ID 999
2024-05-10T10:48:25.046+03:00  INFO 9616 --- [main] c.e.f.services.OrderService              : Fetching order with ID 3
2024-05-10T10:48:25.050+03:00  INFO 9616 --- [main] c.e.f.services.OrderService              : Deleting order with ID 3
2024-05-10T10:48:25.099+03:00  INFO 9616 --- [main] c.e.f.services.OrderService              : Fetching order with ID 5
2024-05-10T10:48:25.100+03:00  INFO 9616 --- [main] c.e.f.services.OrderService              : Updating order with ID 5
2024-05-10T10:48:25.153+03:00  INFO 9616 --- [main] c.e.f.services.OrderService              : Fetching order with ID 999
2024-05-10T10:48:25.178+03:00  INFO 9616 --- [main] c.e.f.services.OrderService              : Fetching all orders by page.
2024-05-10T10:48:25.231+03:00  INFO 9616 --- [main] c.e.f.services.OrderService              : Fetching all orders
2024-05-10T10:48:25.254+03:00  INFO 9616 --- [main] c.e.f.services.OrderService              : Fetching order with ID 15
2024-05-10T10:48:25.272+03:00  INFO 9616 --- [main] c.e.f.services.OrderService              : Fetching order with ID 999
2024-05-10T10:48:25.293+03:00  INFO 9616 --- [SpringApplicationShutdownHook] j.LocalContainerEntityManagerFactoryBean : Closing JPA EntityManagerFactory for persistence unit 'default'
2024-05-10T10:48:25.302+03:00  INFO 9616 --- [SpringApplicationShutdownHook] com.zaxxer.hikari.HikariDataSource       : HikariPool-1 - Shutdown initiated...
2024-05-10T10:48:25.304+03:00  INFO 9616 --- [SpringApplicationShutdownHook] com.zaxxer.hikari.HikariDataSource       : HikariPool-1 - Shutdown completed.
2024-05-10T10:49:23.822+03:00  INFO 10092 --- [main] c.e.f.t.OrderControllerIntegrationTest   : Starting OrderControllerIntegrationTest using Java 17.0.2 with PID 10092 (started by hongu in C:\Users\hongu\OneDrive\Desktop\master\gitreps\AWBD\FoodDeliveryApp)
2024-05-10T10:49:23.823+03:00 DEBUG 10092 --- [main] c.e.f.t.OrderControllerIntegrationTest   : Running with Spring Boot v3.2.5, Spring v6.1.6
2024-05-10T10:49:23.824+03:00  INFO 10092 --- [main] c.e.f.t.OrderControllerIntegrationTest   : No active profile set, falling back to 1 default profile: "default"
2024-05-10T10:49:24.496+03:00  INFO 10092 --- [main] .s.d.r.c.RepositoryConfigurationDelegate : Bootstrapping Spring Data JPA repositories in DEFAULT mode.
2024-05-10T10:49:24.575+03:00  INFO 10092 --- [main] .s.d.r.c.RepositoryConfigurationDelegate : Finished Spring Data repository scanning in 69 ms. Found 7 JPA repository interfaces.
2024-05-10T10:49:25.062+03:00  INFO 10092 --- [main] com.zaxxer.hikari.HikariDataSource       : HikariPool-1 - Starting...
2024-05-10T10:49:25.360+03:00  INFO 10092 --- [main] com.zaxxer.hikari.pool.HikariPool        : HikariPool-1 - Added connection conn0: url=jdbc:h2:mem:a869f550-fd3d-45d0-bf03-803a0af371a1 user=SA
2024-05-10T10:49:25.362+03:00  INFO 10092 --- [main] com.zaxxer.hikari.HikariDataSource       : HikariPool-1 - Start completed.
2024-05-10T10:49:25.412+03:00  INFO 10092 --- [main] o.hibernate.jpa.internal.util.LogHelper  : HHH000204: Processing PersistenceUnitInfo [name: default]
2024-05-10T10:49:25.491+03:00  INFO 10092 --- [main] org.hibernate.Version                    : HHH000412: Hibernate ORM core version 6.4.4.Final
2024-05-10T10:49:25.537+03:00  INFO 10092 --- [main] o.h.c.internal.RegionFactoryInitiator    : HHH000026: Second-level cache disabled
2024-05-10T10:49:25.835+03:00  INFO 10092 --- [main] o.s.o.j.p.SpringPersistenceUnitInfo      : No LoadTimeWeaver setup: ignoring JPA class transformer
2024-05-10T10:49:27.192+03:00  INFO 10092 --- [main] o.h.e.t.j.p.i.JtaPlatformInitiator       : HHH000489: No JTA platform available (set 'hibernate.transaction.jta.platform' to enable JTA platform integration)
2024-05-10T10:49:27.260+03:00  INFO 10092 --- [main] j.LocalContainerEntityManagerFactoryBean : Initialized JPA EntityManagerFactory for persistence unit 'default'
2024-05-10T10:49:28.206+03:00  WARN 10092 --- [main] JpaBaseConfiguration$JpaWebConfiguration : spring.jpa.open-in-view is enabled by default. Therefore, database queries may be performed during view rendering. Explicitly configure spring.jpa.open-in-view to disable this warning
2024-05-10T10:49:28.689+03:00  INFO 10092 --- [main] o.s.b.t.m.w.SpringBootMockServletContext : Initializing Spring TestDispatcherServlet ''
2024-05-10T10:49:28.689+03:00  INFO 10092 --- [main] o.s.t.web.servlet.TestDispatcherServlet  : Initializing Servlet ''
2024-05-10T10:49:28.690+03:00  INFO 10092 --- [main] o.s.t.web.servlet.TestDispatcherServlet  : Completed initialization in 1 ms
2024-05-10T10:49:28.735+03:00  INFO 10092 --- [main] c.e.f.t.OrderControllerIntegrationTest   : Started OrderControllerIntegrationTest in 5.292 seconds (process running for 6.586)
2024-05-10T10:49:29.333+03:00  INFO 10092 --- [SpringApplicationShutdownHook] j.LocalContainerEntityManagerFactoryBean : Closing JPA EntityManagerFactory for persistence unit 'default'
2024-05-10T10:49:29.343+03:00  INFO 10092 --- [SpringApplicationShutdownHook] com.zaxxer.hikari.HikariDataSource       : HikariPool-1 - Shutdown initiated...
2024-05-10T10:49:29.345+03:00  INFO 10092 --- [SpringApplicationShutdownHook] com.zaxxer.hikari.HikariDataSource       : HikariPool-1 - Shutdown completed.
2024-05-10T10:50:47.091+03:00  INFO 8324 --- [main] c.e.f.t.OrderControllerIntegrationTest   : Starting OrderControllerIntegrationTest using Java 17.0.2 with PID 8324 (started by hongu in C:\Users\hongu\OneDrive\Desktop\master\gitreps\AWBD\FoodDeliveryApp)
2024-05-10T10:50:47.092+03:00 DEBUG 8324 --- [main] c.e.f.t.OrderControllerIntegrationTest   : Running with Spring Boot v3.2.5, Spring v6.1.6
2024-05-10T10:50:47.094+03:00  INFO 8324 --- [main] c.e.f.t.OrderControllerIntegrationTest   : No active profile set, falling back to 1 default profile: "default"
2024-05-10T10:50:47.834+03:00  INFO 8324 --- [main] .s.d.r.c.RepositoryConfigurationDelegate : Bootstrapping Spring Data JPA repositories in DEFAULT mode.
2024-05-10T10:50:47.932+03:00  INFO 8324 --- [main] .s.d.r.c.RepositoryConfigurationDelegate : Finished Spring Data repository scanning in 85 ms. Found 7 JPA repository interfaces.
2024-05-10T10:50:48.530+03:00  INFO 8324 --- [main] com.zaxxer.hikari.HikariDataSource       : HikariPool-1 - Starting...
2024-05-10T10:50:48.874+03:00  INFO 8324 --- [main] com.zaxxer.hikari.pool.HikariPool        : HikariPool-1 - Added connection conn0: url=jdbc:h2:mem:a0d14f36-9a77-4fe9-b8ce-cd1708d6b08e user=SA
2024-05-10T10:50:48.877+03:00  INFO 8324 --- [main] com.zaxxer.hikari.HikariDataSource       : HikariPool-1 - Start completed.
2024-05-10T10:50:48.940+03:00  INFO 8324 --- [main] o.hibernate.jpa.internal.util.LogHelper  : HHH000204: Processing PersistenceUnitInfo [name: default]
2024-05-10T10:50:49.012+03:00  INFO 8324 --- [main] org.hibernate.Version                    : HHH000412: Hibernate ORM core version 6.4.4.Final
2024-05-10T10:50:49.050+03:00  INFO 8324 --- [main] o.h.c.internal.RegionFactoryInitiator    : HHH000026: Second-level cache disabled
2024-05-10T10:50:49.360+03:00  INFO 8324 --- [main] o.s.o.j.p.SpringPersistenceUnitInfo      : No LoadTimeWeaver setup: ignoring JPA class transformer
2024-05-10T10:50:50.568+03:00  INFO 8324 --- [main] o.h.e.t.j.p.i.JtaPlatformInitiator       : HHH000489: No JTA platform available (set 'hibernate.transaction.jta.platform' to enable JTA platform integration)
2024-05-10T10:50:50.643+03:00  INFO 8324 --- [main] j.LocalContainerEntityManagerFactoryBean : Initialized JPA EntityManagerFactory for persistence unit 'default'
2024-05-10T10:50:51.302+03:00  WARN 8324 --- [main] JpaBaseConfiguration$JpaWebConfiguration : spring.jpa.open-in-view is enabled by default. Therefore, database queries may be performed during view rendering. Explicitly configure spring.jpa.open-in-view to disable this warning
2024-05-10T10:50:51.736+03:00  INFO 8324 --- [main] o.s.b.t.m.w.SpringBootMockServletContext : Initializing Spring TestDispatcherServlet ''
2024-05-10T10:50:51.736+03:00  INFO 8324 --- [main] o.s.t.web.servlet.TestDispatcherServlet  : Initializing Servlet ''
2024-05-10T10:50:51.737+03:00  INFO 8324 --- [main] o.s.t.web.servlet.TestDispatcherServlet  : Completed initialization in 1 ms
2024-05-10T10:50:51.775+03:00  INFO 8324 --- [main] c.e.f.t.OrderControllerIntegrationTest   : Started OrderControllerIntegrationTest in 5.094 seconds (process running for 6.926)
2024-05-10T10:50:52.449+03:00  INFO 8324 --- [SpringApplicationShutdownHook] j.LocalContainerEntityManagerFactoryBean : Closing JPA EntityManagerFactory for persistence unit 'default'
2024-05-10T10:50:52.457+03:00  INFO 8324 --- [SpringApplicationShutdownHook] com.zaxxer.hikari.HikariDataSource       : HikariPool-1 - Shutdown initiated...
2024-05-10T10:50:52.459+03:00  INFO 8324 --- [SpringApplicationShutdownHook] com.zaxxer.hikari.HikariDataSource       : HikariPool-1 - Shutdown completed.
2024-05-10T10:51:11.979+03:00  INFO 11184 --- [main] c.e.f.t.OrderControllerIntegrationTest   : Starting OrderControllerIntegrationTest using Java 17.0.2 with PID 11184 (started by hongu in C:\Users\hongu\OneDrive\Desktop\master\gitreps\AWBD\FoodDeliveryApp)
2024-05-10T10:51:11.980+03:00 DEBUG 11184 --- [main] c.e.f.t.OrderControllerIntegrationTest   : Running with Spring Boot v3.2.5, Spring v6.1.6
2024-05-10T10:51:11.981+03:00  INFO 11184 --- [main] c.e.f.t.OrderControllerIntegrationTest   : No active profile set, falling back to 1 default profile: "default"
2024-05-10T10:51:13.012+03:00  INFO 11184 --- [main] .s.d.r.c.RepositoryConfigurationDelegate : Bootstrapping Spring Data JPA repositories in DEFAULT mode.
2024-05-10T10:51:13.107+03:00  INFO 11184 --- [main] .s.d.r.c.RepositoryConfigurationDelegate : Finished Spring Data repository scanning in 82 ms. Found 7 JPA repository interfaces.
2024-05-10T10:51:13.728+03:00  INFO 11184 --- [main] com.zaxxer.hikari.HikariDataSource       : HikariPool-1 - Starting...
2024-05-10T10:51:14.039+03:00  INFO 11184 --- [main] com.zaxxer.hikari.pool.HikariPool        : HikariPool-1 - Added connection conn0: url=jdbc:h2:mem:c3e71b2b-8eb0-4477-9fa3-ab55d7f2e773 user=SA
2024-05-10T10:51:14.041+03:00  INFO 11184 --- [main] com.zaxxer.hikari.HikariDataSource       : HikariPool-1 - Start completed.
2024-05-10T10:51:14.102+03:00  INFO 11184 --- [main] o.hibernate.jpa.internal.util.LogHelper  : HHH000204: Processing PersistenceUnitInfo [name: default]
2024-05-10T10:51:14.185+03:00  INFO 11184 --- [main] org.hibernate.Version                    : HHH000412: Hibernate ORM core version 6.4.4.Final
2024-05-10T10:51:14.240+03:00  INFO 11184 --- [main] o.h.c.internal.RegionFactoryInitiator    : HHH000026: Second-level cache disabled
2024-05-10T10:51:14.628+03:00  INFO 11184 --- [main] o.s.o.j.p.SpringPersistenceUnitInfo      : No LoadTimeWeaver setup: ignoring JPA class transformer
2024-05-10T10:51:15.917+03:00  INFO 11184 --- [main] o.h.e.t.j.p.i.JtaPlatformInitiator       : HHH000489: No JTA platform available (set 'hibernate.transaction.jta.platform' to enable JTA platform integration)
2024-05-10T10:51:15.979+03:00  INFO 11184 --- [main] j.LocalContainerEntityManagerFactoryBean : Initialized JPA EntityManagerFactory for persistence unit 'default'
2024-05-10T10:51:16.648+03:00  WARN 11184 --- [main] JpaBaseConfiguration$JpaWebConfiguration : spring.jpa.open-in-view is enabled by default. Therefore, database queries may be performed during view rendering. Explicitly configure spring.jpa.open-in-view to disable this warning
2024-05-10T10:51:17.171+03:00  INFO 11184 --- [main] o.s.b.t.m.w.SpringBootMockServletContext : Initializing Spring TestDispatcherServlet ''
2024-05-10T10:51:17.172+03:00  INFO 11184 --- [main] o.s.t.web.servlet.TestDispatcherServlet  : Initializing Servlet ''
2024-05-10T10:51:17.173+03:00  INFO 11184 --- [main] o.s.t.web.servlet.TestDispatcherServlet  : Completed initialization in 1 ms
2024-05-10T10:51:17.221+03:00  INFO 11184 --- [main] c.e.f.t.OrderControllerIntegrationTest   : Started OrderControllerIntegrationTest in 5.634 seconds (process running for 6.981)
2024-05-10T10:51:17.869+03:00  INFO 11184 --- [SpringApplicationShutdownHook] j.LocalContainerEntityManagerFactoryBean : Closing JPA EntityManagerFactory for persistence unit 'default'
2024-05-10T10:51:17.881+03:00  INFO 11184 --- [SpringApplicationShutdownHook] com.zaxxer.hikari.HikariDataSource       : HikariPool-1 - Shutdown initiated...
2024-05-10T10:51:17.883+03:00  INFO 11184 --- [SpringApplicationShutdownHook] com.zaxxer.hikari.HikariDataSource       : HikariPool-1 - Shutdown completed.
2024-05-10T10:51:36.334+03:00  INFO 4576 --- [main] c.e.f.t.OrderControllerIntegrationTest   : Starting OrderControllerIntegrationTest using Java 17.0.2 with PID 4576 (started by hongu in C:\Users\hongu\OneDrive\Desktop\master\gitreps\AWBD\FoodDeliveryApp)
2024-05-10T10:51:36.336+03:00 DEBUG 4576 --- [main] c.e.f.t.OrderControllerIntegrationTest   : Running with Spring Boot v3.2.5, Spring v6.1.6
2024-05-10T10:51:36.337+03:00  INFO 4576 --- [main] c.e.f.t.OrderControllerIntegrationTest   : No active profile set, falling back to 1 default profile: "default"
2024-05-10T10:51:37.121+03:00  INFO 4576 --- [main] .s.d.r.c.RepositoryConfigurationDelegate : Bootstrapping Spring Data JPA repositories in DEFAULT mode.
2024-05-10T10:51:37.224+03:00  INFO 4576 --- [main] .s.d.r.c.RepositoryConfigurationDelegate : Finished Spring Data repository scanning in 93 ms. Found 7 JPA repository interfaces.
2024-05-10T10:51:37.786+03:00  INFO 4576 --- [main] com.zaxxer.hikari.HikariDataSource       : HikariPool-1 - Starting...
2024-05-10T10:51:38.094+03:00  INFO 4576 --- [main] com.zaxxer.hikari.pool.HikariPool        : HikariPool-1 - Added connection conn0: url=jdbc:h2:mem:44d02fab-fa05-4f53-9660-c8d007c02010 user=SA
2024-05-10T10:51:38.096+03:00  INFO 4576 --- [main] com.zaxxer.hikari.HikariDataSource       : HikariPool-1 - Start completed.
2024-05-10T10:51:38.154+03:00  INFO 4576 --- [main] o.hibernate.jpa.internal.util.LogHelper  : HHH000204: Processing PersistenceUnitInfo [name: default]
2024-05-10T10:51:38.222+03:00  INFO 4576 --- [main] org.hibernate.Version                    : HHH000412: Hibernate ORM core version 6.4.4.Final
2024-05-10T10:51:38.262+03:00  INFO 4576 --- [main] o.h.c.internal.RegionFactoryInitiator    : HHH000026: Second-level cache disabled
2024-05-10T10:51:38.583+03:00  INFO 4576 --- [main] o.s.o.j.p.SpringPersistenceUnitInfo      : No LoadTimeWeaver setup: ignoring JPA class transformer
2024-05-10T10:51:39.764+03:00  INFO 4576 --- [main] o.h.e.t.j.p.i.JtaPlatformInitiator       : HHH000489: No JTA platform available (set 'hibernate.transaction.jta.platform' to enable JTA platform integration)
2024-05-10T10:51:39.826+03:00  INFO 4576 --- [main] j.LocalContainerEntityManagerFactoryBean : Initialized JPA EntityManagerFactory for persistence unit 'default'
2024-05-10T10:51:40.475+03:00  WARN 4576 --- [main] JpaBaseConfiguration$JpaWebConfiguration : spring.jpa.open-in-view is enabled by default. Therefore, database queries may be performed during view rendering. Explicitly configure spring.jpa.open-in-view to disable this warning
2024-05-10T10:51:40.988+03:00  INFO 4576 --- [main] o.s.b.t.m.w.SpringBootMockServletContext : Initializing Spring TestDispatcherServlet ''
2024-05-10T10:51:40.988+03:00  INFO 4576 --- [main] o.s.t.web.servlet.TestDispatcherServlet  : Initializing Servlet ''
2024-05-10T10:51:40.990+03:00  INFO 4576 --- [main] o.s.t.web.servlet.TestDispatcherServlet  : Completed initialization in 2 ms
2024-05-10T10:51:41.022+03:00  INFO 4576 --- [main] c.e.f.t.OrderControllerIntegrationTest   : Started OrderControllerIntegrationTest in 5.075 seconds (process running for 6.584)
2024-05-10T10:51:41.608+03:00  INFO 4576 --- [SpringApplicationShutdownHook] j.LocalContainerEntityManagerFactoryBean : Closing JPA EntityManagerFactory for persistence unit 'default'
2024-05-10T10:51:41.618+03:00  INFO 4576 --- [SpringApplicationShutdownHook] com.zaxxer.hikari.HikariDataSource       : HikariPool-1 - Shutdown initiated...
2024-05-10T10:51:41.621+03:00  INFO 4576 --- [SpringApplicationShutdownHook] com.zaxxer.hikari.HikariDataSource       : HikariPool-1 - Shutdown completed.
2024-05-10T10:53:33.324+03:00  INFO 15996 --- [main] c.e.f.t.OrderControllerIntegrationTest   : Starting OrderControllerIntegrationTest using Java 17.0.2 with PID 15996 (started by hongu in C:\Users\hongu\OneDrive\Desktop\master\gitreps\AWBD\FoodDeliveryApp)
2024-05-10T10:53:33.326+03:00 DEBUG 15996 --- [main] c.e.f.t.OrderControllerIntegrationTest   : Running with Spring Boot v3.2.5, Spring v6.1.6
2024-05-10T10:53:33.327+03:00  INFO 15996 --- [main] c.e.f.t.OrderControllerIntegrationTest   : No active profile set, falling back to 1 default profile: "default"
2024-05-10T10:53:34.042+03:00  INFO 15996 --- [main] .s.d.r.c.RepositoryConfigurationDelegate : Bootstrapping Spring Data JPA repositories in DEFAULT mode.
2024-05-10T10:53:34.125+03:00  INFO 15996 --- [main] .s.d.r.c.RepositoryConfigurationDelegate : Finished Spring Data repository scanning in 73 ms. Found 7 JPA repository interfaces.
2024-05-10T10:53:34.634+03:00  INFO 15996 --- [main] com.zaxxer.hikari.HikariDataSource       : HikariPool-1 - Starting...
2024-05-10T10:53:34.929+03:00  INFO 15996 --- [main] com.zaxxer.hikari.pool.HikariPool        : HikariPool-1 - Added connection conn0: url=jdbc:h2:mem:c6083ebc-4ae8-4c35-be93-3c88f28566f4 user=SA
2024-05-10T10:53:34.931+03:00  INFO 15996 --- [main] com.zaxxer.hikari.HikariDataSource       : HikariPool-1 - Start completed.
2024-05-10T10:53:34.981+03:00  INFO 15996 --- [main] o.hibernate.jpa.internal.util.LogHelper  : HHH000204: Processing PersistenceUnitInfo [name: default]
2024-05-10T10:53:35.038+03:00  INFO 15996 --- [main] org.hibernate.Version                    : HHH000412: Hibernate ORM core version 6.4.4.Final
2024-05-10T10:53:35.086+03:00  INFO 15996 --- [main] o.h.c.internal.RegionFactoryInitiator    : HHH000026: Second-level cache disabled
2024-05-10T10:53:35.398+03:00  INFO 15996 --- [main] o.s.o.j.p.SpringPersistenceUnitInfo      : No LoadTimeWeaver setup: ignoring JPA class transformer
2024-05-10T10:53:36.577+03:00  INFO 15996 --- [main] o.h.e.t.j.p.i.JtaPlatformInitiator       : HHH000489: No JTA platform available (set 'hibernate.transaction.jta.platform' to enable JTA platform integration)
2024-05-10T10:53:36.628+03:00  INFO 15996 --- [main] j.LocalContainerEntityManagerFactoryBean : Initialized JPA EntityManagerFactory for persistence unit 'default'
2024-05-10T10:53:37.266+03:00  WARN 15996 --- [main] JpaBaseConfiguration$JpaWebConfiguration : spring.jpa.open-in-view is enabled by default. Therefore, database queries may be performed during view rendering. Explicitly configure spring.jpa.open-in-view to disable this warning
2024-05-10T10:53:37.669+03:00  INFO 15996 --- [main] o.s.b.t.m.w.SpringBootMockServletContext : Initializing Spring TestDispatcherServlet ''
2024-05-10T10:53:37.669+03:00  INFO 15996 --- [main] o.s.t.web.servlet.TestDispatcherServlet  : Initializing Servlet ''
2024-05-10T10:53:37.671+03:00  INFO 15996 --- [main] o.s.t.web.servlet.TestDispatcherServlet  : Completed initialization in 1 ms
2024-05-10T10:53:37.704+03:00  INFO 15996 --- [main] c.e.f.t.OrderControllerIntegrationTest   : Started OrderControllerIntegrationTest in 4.73 seconds (process running for 5.989)
2024-05-10T10:53:38.154+03:00  INFO 15996 --- [main] c.e.f.services.OrderService              : Creating a new order
2024-05-10T10:53:38.232+03:00  INFO 15996 --- [SpringApplicationShutdownHook] j.LocalContainerEntityManagerFactoryBean : Closing JPA EntityManagerFactory for persistence unit 'default'
2024-05-10T10:53:38.240+03:00  INFO 15996 --- [SpringApplicationShutdownHook] com.zaxxer.hikari.HikariDataSource       : HikariPool-1 - Shutdown initiated...
2024-05-10T10:53:38.242+03:00  INFO 15996 --- [SpringApplicationShutdownHook] com.zaxxer.hikari.HikariDataSource       : HikariPool-1 - Shutdown completed.
2024-05-10T11:00:55.568+03:00  INFO 7432 --- [main] c.e.f.t.OrderControllerIntegrationTest   : Starting OrderControllerIntegrationTest using Java 17.0.2 with PID 7432 (started by hongu in C:\Users\hongu\OneDrive\Desktop\master\gitreps\AWBD\FoodDeliveryApp)
2024-05-10T11:00:55.569+03:00 DEBUG 7432 --- [main] c.e.f.t.OrderControllerIntegrationTest   : Running with Spring Boot v3.2.5, Spring v6.1.6
2024-05-10T11:00:55.570+03:00  INFO 7432 --- [main] c.e.f.t.OrderControllerIntegrationTest   : No active profile set, falling back to 1 default profile: "default"
2024-05-10T11:00:56.342+03:00  INFO 7432 --- [main] .s.d.r.c.RepositoryConfigurationDelegate : Bootstrapping Spring Data JPA repositories in DEFAULT mode.
2024-05-10T11:00:56.426+03:00  INFO 7432 --- [main] .s.d.r.c.RepositoryConfigurationDelegate : Finished Spring Data repository scanning in 72 ms. Found 7 JPA repository interfaces.
2024-05-10T11:00:56.936+03:00  INFO 7432 --- [main] com.zaxxer.hikari.HikariDataSource       : HikariPool-1 - Starting...
2024-05-10T11:00:57.227+03:00  INFO 7432 --- [main] com.zaxxer.hikari.pool.HikariPool        : HikariPool-1 - Added connection conn0: url=jdbc:h2:mem:a6155780-ae83-44c4-8445-4b878fb6ef42 user=SA
2024-05-10T11:00:57.229+03:00  INFO 7432 --- [main] com.zaxxer.hikari.HikariDataSource       : HikariPool-1 - Start completed.
2024-05-10T11:00:57.282+03:00  INFO 7432 --- [main] o.hibernate.jpa.internal.util.LogHelper  : HHH000204: Processing PersistenceUnitInfo [name: default]
2024-05-10T11:00:57.354+03:00  INFO 7432 --- [main] org.hibernate.Version                    : HHH000412: Hibernate ORM core version 6.4.4.Final
2024-05-10T11:00:57.392+03:00  INFO 7432 --- [main] o.h.c.internal.RegionFactoryInitiator    : HHH000026: Second-level cache disabled
2024-05-10T11:00:57.700+03:00  INFO 7432 --- [main] o.s.o.j.p.SpringPersistenceUnitInfo      : No LoadTimeWeaver setup: ignoring JPA class transformer
2024-05-10T11:00:58.887+03:00  INFO 7432 --- [main] o.h.e.t.j.p.i.JtaPlatformInitiator       : HHH000489: No JTA platform available (set 'hibernate.transaction.jta.platform' to enable JTA platform integration)
2024-05-10T11:00:58.939+03:00  INFO 7432 --- [main] j.LocalContainerEntityManagerFactoryBean : Initialized JPA EntityManagerFactory for persistence unit 'default'
2024-05-10T11:00:59.558+03:00  WARN 7432 --- [main] JpaBaseConfiguration$JpaWebConfiguration : spring.jpa.open-in-view is enabled by default. Therefore, database queries may be performed during view rendering. Explicitly configure spring.jpa.open-in-view to disable this warning
2024-05-10T11:00:59.963+03:00  INFO 7432 --- [main] o.s.b.t.m.w.SpringBootMockServletContext : Initializing Spring TestDispatcherServlet ''
2024-05-10T11:00:59.963+03:00  INFO 7432 --- [main] o.s.t.web.servlet.TestDispatcherServlet  : Initializing Servlet ''
2024-05-10T11:00:59.965+03:00  INFO 7432 --- [main] o.s.t.web.servlet.TestDispatcherServlet  : Completed initialization in 2 ms
2024-05-10T11:00:59.996+03:00  INFO 7432 --- [main] c.e.f.t.OrderControllerIntegrationTest   : Started OrderControllerIntegrationTest in 4.822 seconds (process running for 5.986)
2024-05-10T11:01:00.710+03:00  INFO 7432 --- [SpringApplicationShutdownHook] j.LocalContainerEntityManagerFactoryBean : Closing JPA EntityManagerFactory for persistence unit 'default'
2024-05-10T11:01:00.719+03:00  INFO 7432 --- [SpringApplicationShutdownHook] com.zaxxer.hikari.HikariDataSource       : HikariPool-1 - Shutdown initiated...
2024-05-10T11:01:00.721+03:00  INFO 7432 --- [SpringApplicationShutdownHook] com.zaxxer.hikari.HikariDataSource       : HikariPool-1 - Shutdown completed.
2024-05-10T11:01:41.731+03:00  INFO 2088 --- [main] c.e.f.t.OrderControllerIntegrationTest   : Starting OrderControllerIntegrationTest using Java 17.0.2 with PID 2088 (started by hongu in C:\Users\hongu\OneDrive\Desktop\master\gitreps\AWBD\FoodDeliveryApp)
2024-05-10T11:01:41.733+03:00 DEBUG 2088 --- [main] c.e.f.t.OrderControllerIntegrationTest   : Running with Spring Boot v3.2.5, Spring v6.1.6
2024-05-10T11:01:41.734+03:00  INFO 2088 --- [main] c.e.f.t.OrderControllerIntegrationTest   : No active profile set, falling back to 1 default profile: "default"
2024-05-10T11:01:42.405+03:00  INFO 2088 --- [main] .s.d.r.c.RepositoryConfigurationDelegate : Bootstrapping Spring Data JPA repositories in DEFAULT mode.
2024-05-10T11:01:42.489+03:00  INFO 2088 --- [main] .s.d.r.c.RepositoryConfigurationDelegate : Finished Spring Data repository scanning in 75 ms. Found 7 JPA repository interfaces.
2024-05-10T11:01:42.990+03:00  INFO 2088 --- [main] com.zaxxer.hikari.HikariDataSource       : HikariPool-1 - Starting...
2024-05-10T11:01:43.280+03:00  INFO 2088 --- [main] com.zaxxer.hikari.pool.HikariPool        : HikariPool-1 - Added connection conn0: url=jdbc:h2:mem:085f182b-7d8d-43c5-8910-f65de245b8fa user=SA
2024-05-10T11:01:43.281+03:00  INFO 2088 --- [main] com.zaxxer.hikari.HikariDataSource       : HikariPool-1 - Start completed.
2024-05-10T11:01:43.332+03:00  INFO 2088 --- [main] o.hibernate.jpa.internal.util.LogHelper  : HHH000204: Processing PersistenceUnitInfo [name: default]
2024-05-10T11:01:43.394+03:00  INFO 2088 --- [main] org.hibernate.Version                    : HHH000412: Hibernate ORM core version 6.4.4.Final
2024-05-10T11:01:43.441+03:00  INFO 2088 --- [main] o.h.c.internal.RegionFactoryInitiator    : HHH000026: Second-level cache disabled
2024-05-10T11:01:43.750+03:00  INFO 2088 --- [main] o.s.o.j.p.SpringPersistenceUnitInfo      : No LoadTimeWeaver setup: ignoring JPA class transformer
2024-05-10T11:01:44.951+03:00  INFO 2088 --- [main] o.h.e.t.j.p.i.JtaPlatformInitiator       : HHH000489: No JTA platform available (set 'hibernate.transaction.jta.platform' to enable JTA platform integration)
2024-05-10T11:01:45.004+03:00  INFO 2088 --- [main] j.LocalContainerEntityManagerFactoryBean : Initialized JPA EntityManagerFactory for persistence unit 'default'
2024-05-10T11:01:45.601+03:00  WARN 2088 --- [main] JpaBaseConfiguration$JpaWebConfiguration : spring.jpa.open-in-view is enabled by default. Therefore, database queries may be performed during view rendering. Explicitly configure spring.jpa.open-in-view to disable this warning
2024-05-10T11:01:46.009+03:00  INFO 2088 --- [main] o.s.b.t.m.w.SpringBootMockServletContext : Initializing Spring TestDispatcherServlet ''
2024-05-10T11:01:46.010+03:00  INFO 2088 --- [main] o.s.t.web.servlet.TestDispatcherServlet  : Initializing Servlet ''
2024-05-10T11:01:46.011+03:00  INFO 2088 --- [main] o.s.t.web.servlet.TestDispatcherServlet  : Completed initialization in 1 ms
2024-05-10T11:01:46.039+03:00  INFO 2088 --- [main] c.e.f.t.OrderControllerIntegrationTest   : Started OrderControllerIntegrationTest in 4.655 seconds (process running for 5.944)
2024-05-10T11:01:46.499+03:00  INFO 2088 --- [main] c.e.f.services.OrderService              : Creating a new order
2024-05-10T11:01:46.597+03:00  INFO 2088 --- [SpringApplicationShutdownHook] j.LocalContainerEntityManagerFactoryBean : Closing JPA EntityManagerFactory for persistence unit 'default'
2024-05-10T11:01:46.607+03:00  INFO 2088 --- [SpringApplicationShutdownHook] com.zaxxer.hikari.HikariDataSource       : HikariPool-1 - Shutdown initiated...
2024-05-10T11:01:46.609+03:00  INFO 2088 --- [SpringApplicationShutdownHook] com.zaxxer.hikari.HikariDataSource       : HikariPool-1 - Shutdown completed.
2024-05-10T11:02:03.893+03:00  INFO 14868 --- [main] c.e.f.t.OrderControllerIntegrationTest   : Starting OrderControllerIntegrationTest using Java 17.0.2 with PID 14868 (started by hongu in C:\Users\hongu\OneDrive\Desktop\master\gitreps\AWBD\FoodDeliveryApp)
2024-05-10T11:02:03.894+03:00 DEBUG 14868 --- [main] c.e.f.t.OrderControllerIntegrationTest   : Running with Spring Boot v3.2.5, Spring v6.1.6
2024-05-10T11:02:03.895+03:00  INFO 14868 --- [main] c.e.f.t.OrderControllerIntegrationTest   : No active profile set, falling back to 1 default profile: "default"
2024-05-10T11:02:04.581+03:00  INFO 14868 --- [main] .s.d.r.c.RepositoryConfigurationDelegate : Bootstrapping Spring Data JPA repositories in DEFAULT mode.
2024-05-10T11:02:04.665+03:00  INFO 14868 --- [main] .s.d.r.c.RepositoryConfigurationDelegate : Finished Spring Data repository scanning in 73 ms. Found 7 JPA repository interfaces.
2024-05-10T11:02:05.160+03:00  INFO 14868 --- [main] com.zaxxer.hikari.HikariDataSource       : HikariPool-1 - Starting...
2024-05-10T11:02:05.459+03:00  INFO 14868 --- [main] com.zaxxer.hikari.pool.HikariPool        : HikariPool-1 - Added connection conn0: url=jdbc:h2:mem:126eaa27-5724-4c3e-b869-29d278bf35b6 user=SA
2024-05-10T11:02:05.461+03:00  INFO 14868 --- [main] com.zaxxer.hikari.HikariDataSource       : HikariPool-1 - Start completed.
2024-05-10T11:02:05.517+03:00  INFO 14868 --- [main] o.hibernate.jpa.internal.util.LogHelper  : HHH000204: Processing PersistenceUnitInfo [name: default]
2024-05-10T11:02:05.580+03:00  INFO 14868 --- [main] org.hibernate.Version                    : HHH000412: Hibernate ORM core version 6.4.4.Final
2024-05-10T11:02:05.634+03:00  INFO 14868 --- [main] o.h.c.internal.RegionFactoryInitiator    : HHH000026: Second-level cache disabled
2024-05-10T11:02:05.933+03:00  INFO 14868 --- [main] o.s.o.j.p.SpringPersistenceUnitInfo      : No LoadTimeWeaver setup: ignoring JPA class transformer
2024-05-10T11:02:07.030+03:00  INFO 14868 --- [main] o.h.e.t.j.p.i.JtaPlatformInitiator       : HHH000489: No JTA platform available (set 'hibernate.transaction.jta.platform' to enable JTA platform integration)
2024-05-10T11:02:07.082+03:00  INFO 14868 --- [main] j.LocalContainerEntityManagerFactoryBean : Initialized JPA EntityManagerFactory for persistence unit 'default'
2024-05-10T11:02:07.729+03:00  WARN 14868 --- [main] JpaBaseConfiguration$JpaWebConfiguration : spring.jpa.open-in-view is enabled by default. Therefore, database queries may be performed during view rendering. Explicitly configure spring.jpa.open-in-view to disable this warning
2024-05-10T11:02:08.136+03:00  INFO 14868 --- [main] o.s.b.t.m.w.SpringBootMockServletContext : Initializing Spring TestDispatcherServlet ''
2024-05-10T11:02:08.136+03:00  INFO 14868 --- [main] o.s.t.web.servlet.TestDispatcherServlet  : Initializing Servlet ''
2024-05-10T11:02:08.138+03:00  INFO 14868 --- [main] o.s.t.web.servlet.TestDispatcherServlet  : Completed initialization in 1 ms
2024-05-10T11:02:08.173+03:00  INFO 14868 --- [main] c.e.f.t.OrderControllerIntegrationTest   : Started OrderControllerIntegrationTest in 4.625 seconds (process running for 5.874)
2024-05-10T11:02:08.638+03:00  INFO 14868 --- [main] c.e.f.services.OrderService              : Fetching order with ID 999
2024-05-10T11:02:08.746+03:00  INFO 14868 --- [main] c.e.f.services.OrderService              : Fetching order with ID 3
2024-05-10T11:02:08.750+03:00  INFO 14868 --- [main] c.e.f.services.OrderService              : Deleting order with ID 3
2024-05-10T11:02:08.805+03:00  INFO 14868 --- [main] c.e.f.services.OrderService              : Fetching order with ID 5
2024-05-10T11:02:08.806+03:00  INFO 14868 --- [main] c.e.f.services.OrderService              : Updating order with ID 5
2024-05-10T11:02:08.840+03:00  INFO 14868 --- [main] c.e.f.services.OrderService              : Creating a new order
2024-05-10T11:02:08.863+03:00  INFO 14868 --- [main] c.e.f.services.OrderService              : Fetching order with ID 999
2024-05-10T11:02:08.892+03:00  INFO 14868 --- [main] c.e.f.services.OrderService              : Fetching all orders by page.
2024-05-10T11:02:08.974+03:00  INFO 14868 --- [main] c.e.f.services.OrderService              : Fetching all orders
2024-05-10T11:02:09.002+03:00  INFO 14868 --- [main] c.e.f.services.OrderService              : Fetching order with ID 16
2024-05-10T11:02:09.021+03:00  INFO 14868 --- [main] c.e.f.services.OrderService              : Fetching order with ID 999
2024-05-10T11:02:09.040+03:00  INFO 14868 --- [SpringApplicationShutdownHook] j.LocalContainerEntityManagerFactoryBean : Closing JPA EntityManagerFactory for persistence unit 'default'
2024-05-10T11:02:09.049+03:00  INFO 14868 --- [SpringApplicationShutdownHook] com.zaxxer.hikari.HikariDataSource       : HikariPool-1 - Shutdown initiated...
2024-05-10T11:02:09.051+03:00  INFO 14868 --- [SpringApplicationShutdownHook] com.zaxxer.hikari.HikariDataSource       : HikariPool-1 - Shutdown completed.
2024-05-12T18:24:22.725+03:00  INFO 36296 --- [main] c.e.f.t.DriverControllerIntegrationTest  : Starting DriverControllerIntegrationTest using Java 18 with PID 36296 (started by alexr in C:\GitReps\AWBD\AWBD\FoodDeliveryApp)
2024-05-12T18:24:22.726+03:00 DEBUG 36296 --- [main] c.e.f.t.DriverControllerIntegrationTest  : Running with Spring Boot v3.2.5, Spring v6.1.6
2024-05-12T18:24:22.727+03:00  INFO 36296 --- [main] c.e.f.t.DriverControllerIntegrationTest  : No active profile set, falling back to 1 default profile: "default"
2024-05-12T18:24:23.401+03:00  INFO 36296 --- [main] .s.d.r.c.RepositoryConfigurationDelegate : Bootstrapping Spring Data JPA repositories in DEFAULT mode.
2024-05-12T18:24:23.468+03:00  INFO 36296 --- [main] .s.d.r.c.RepositoryConfigurationDelegate : Finished Spring Data repository scanning in 59 ms. Found 7 JPA repository interfaces.
2024-05-12T18:24:23.942+03:00  INFO 36296 --- [main] com.zaxxer.hikari.HikariDataSource       : HikariPool-1 - Starting...
2024-05-12T18:24:24.239+03:00  INFO 36296 --- [main] com.zaxxer.hikari.pool.HikariPool        : HikariPool-1 - Added connection conn0: url=jdbc:h2:mem:7c445e0e-0886-4eb4-ba9e-6a8ec3c15342 user=SA
2024-05-12T18:24:24.241+03:00  INFO 36296 --- [main] com.zaxxer.hikari.HikariDataSource       : HikariPool-1 - Start completed.
2024-05-12T18:24:24.289+03:00  INFO 36296 --- [main] o.hibernate.jpa.internal.util.LogHelper  : HHH000204: Processing PersistenceUnitInfo [name: default]
2024-05-12T18:24:24.353+03:00  INFO 36296 --- [main] org.hibernate.Version                    : HHH000412: Hibernate ORM core version 6.4.4.Final
2024-05-12T18:24:24.391+03:00  INFO 36296 --- [main] o.h.c.internal.RegionFactoryInitiator    : HHH000026: Second-level cache disabled
2024-05-12T18:24:24.676+03:00  INFO 36296 --- [main] o.s.o.j.p.SpringPersistenceUnitInfo      : No LoadTimeWeaver setup: ignoring JPA class transformer
2024-05-12T18:24:25.719+03:00  INFO 36296 --- [main] o.h.e.t.j.p.i.JtaPlatformInitiator       : HHH000489: No JTA platform available (set 'hibernate.transaction.jta.platform' to enable JTA platform integration)
2024-05-12T18:24:25.772+03:00  INFO 36296 --- [main] j.LocalContainerEntityManagerFactoryBean : Initialized JPA EntityManagerFactory for persistence unit 'default'
2024-05-12T18:24:26.445+03:00  WARN 36296 --- [main] JpaBaseConfiguration$JpaWebConfiguration : spring.jpa.open-in-view is enabled by default. Therefore, database queries may be performed during view rendering. Explicitly configure spring.jpa.open-in-view to disable this warning
2024-05-12T18:24:27.079+03:00  INFO 36296 --- [main] o.s.b.t.m.w.SpringBootMockServletContext : Initializing Spring TestDispatcherServlet ''
2024-05-12T18:24:27.080+03:00  INFO 36296 --- [main] o.s.t.web.servlet.TestDispatcherServlet  : Initializing Servlet ''
2024-05-12T18:24:27.082+03:00  INFO 36296 --- [main] o.s.t.web.servlet.TestDispatcherServlet  : Completed initialization in 2 ms
2024-05-12T18:24:27.127+03:00  INFO 36296 --- [main] c.e.f.t.DriverControllerIntegrationTest  : Started DriverControllerIntegrationTest in 4.688 seconds (process running for 5.83)
2024-05-12T18:24:27.524+03:00  INFO 36296 --- [main] c.e.f.services.ChefService               : Fetching driver with ID 1
2024-05-12T18:24:27.642+03:00  INFO 36296 --- [main] c.e.f.services.ChefService               : Fetching driver with ID 999
2024-05-12T18:24:27.709+03:00  INFO 36296 --- [main] c.e.f.services.ChefService               : Fetching driver with ID 5
2024-05-12T18:24:27.710+03:00  INFO 36296 --- [main] c.e.f.services.ChefService               : Updating driver with ID 5
2024-05-12T18:24:27.742+03:00  INFO 36296 --- [main] c.e.f.services.ChefService               : Fetching driver with ID 999
2024-05-12T18:24:27.767+03:00  INFO 36296 --- [main] c.e.f.services.ChefService               : Fetching all drivers by page.
2024-05-12T18:24:27.826+03:00  INFO 36296 --- [main] c.e.f.services.ChefService               : Fetching driver with ID 11
2024-05-12T18:24:27.828+03:00  INFO 36296 --- [main] c.e.f.services.ChefService               : Deleting driver with ID 11
2024-05-12T18:24:27.852+03:00  INFO 36296 --- [main] c.e.f.services.ChefService               : Fetching all drivers
2024-05-12T18:24:27.876+03:00  INFO 36296 --- [main] c.e.f.services.ChefService               : Fetching driver with ID 999
2024-05-12T18:24:27.909+03:00  INFO 36296 --- [SpringApplicationShutdownHook] j.LocalContainerEntityManagerFactoryBean : Closing JPA EntityManagerFactory for persistence unit 'default'
2024-05-12T18:24:27.923+03:00  INFO 36296 --- [SpringApplicationShutdownHook] com.zaxxer.hikari.HikariDataSource       : HikariPool-1 - Shutdown initiated...
2024-05-12T18:24:27.926+03:00  INFO 36296 --- [SpringApplicationShutdownHook] com.zaxxer.hikari.HikariDataSource       : HikariPool-1 - Shutdown completed.
2024-05-12T18:24:46.735+03:00  INFO 31412 --- [main] c.e.f.t.DriverControllerIntegrationTest  : Starting DriverControllerIntegrationTest using Java 18 with PID 31412 (started by alexr in C:\GitReps\AWBD\AWBD\FoodDeliveryApp)
2024-05-12T18:24:46.736+03:00 DEBUG 31412 --- [main] c.e.f.t.DriverControllerIntegrationTest  : Running with Spring Boot v3.2.5, Spring v6.1.6
2024-05-12T18:24:46.737+03:00  INFO 31412 --- [main] c.e.f.t.DriverControllerIntegrationTest  : No active profile set, falling back to 1 default profile: "default"
2024-05-12T18:24:47.367+03:00  INFO 31412 --- [main] .s.d.r.c.RepositoryConfigurationDelegate : Bootstrapping Spring Data JPA repositories in DEFAULT mode.
2024-05-12T18:24:47.437+03:00  INFO 31412 --- [main] .s.d.r.c.RepositoryConfigurationDelegate : Finished Spring Data repository scanning in 62 ms. Found 7 JPA repository interfaces.
2024-05-12T18:24:47.973+03:00  INFO 31412 --- [main] com.zaxxer.hikari.HikariDataSource       : HikariPool-1 - Starting...
2024-05-12T18:24:48.231+03:00  INFO 31412 --- [main] com.zaxxer.hikari.pool.HikariPool        : HikariPool-1 - Added connection conn0: url=jdbc:h2:mem:ffbfe7d9-7da5-4a66-97b7-6c58b6715a2c user=SA
2024-05-12T18:24:48.232+03:00  INFO 31412 --- [main] com.zaxxer.hikari.HikariDataSource       : HikariPool-1 - Start completed.
2024-05-12T18:24:48.285+03:00  INFO 31412 --- [main] o.hibernate.jpa.internal.util.LogHelper  : HHH000204: Processing PersistenceUnitInfo [name: default]
2024-05-12T18:24:48.357+03:00  INFO 31412 --- [main] org.hibernate.Version                    : HHH000412: Hibernate ORM core version 6.4.4.Final
2024-05-12T18:24:48.396+03:00  INFO 31412 --- [main] o.h.c.internal.RegionFactoryInitiator    : HHH000026: Second-level cache disabled
2024-05-12T18:24:48.728+03:00  INFO 31412 --- [main] o.s.o.j.p.SpringPersistenceUnitInfo      : No LoadTimeWeaver setup: ignoring JPA class transformer
2024-05-12T18:24:49.798+03:00  INFO 31412 --- [main] o.h.e.t.j.p.i.JtaPlatformInitiator       : HHH000489: No JTA platform available (set 'hibernate.transaction.jta.platform' to enable JTA platform integration)
2024-05-12T18:24:49.851+03:00  INFO 31412 --- [main] j.LocalContainerEntityManagerFactoryBean : Initialized JPA EntityManagerFactory for persistence unit 'default'
2024-05-12T18:24:50.539+03:00  WARN 31412 --- [main] JpaBaseConfiguration$JpaWebConfiguration : spring.jpa.open-in-view is enabled by default. Therefore, database queries may be performed during view rendering. Explicitly configure spring.jpa.open-in-view to disable this warning
2024-05-12T18:24:51.064+03:00  INFO 31412 --- [main] o.s.b.t.m.w.SpringBootMockServletContext : Initializing Spring TestDispatcherServlet ''
2024-05-12T18:24:51.064+03:00  INFO 31412 --- [main] o.s.t.web.servlet.TestDispatcherServlet  : Initializing Servlet ''
2024-05-12T18:24:51.066+03:00  INFO 31412 --- [main] o.s.t.web.servlet.TestDispatcherServlet  : Completed initialization in 2 ms
2024-05-12T18:24:51.101+03:00  INFO 31412 --- [main] c.e.f.t.DriverControllerIntegrationTest  : Started DriverControllerIntegrationTest in 4.654 seconds (process running for 5.807)
2024-05-12T18:24:51.491+03:00  INFO 31412 --- [main] c.e.f.services.ChefService               : Fetching driver with ID 1
2024-05-12T18:24:51.594+03:00  INFO 31412 --- [main] c.e.f.services.ChefService               : Fetching driver with ID 999
2024-05-12T18:24:51.618+03:00  INFO 31412 --- [main] c.e.f.services.ChefService               : Fetching driver with ID 999
2024-05-12T18:24:51.644+03:00  INFO 31412 --- [main] c.e.f.services.ChefService               : Fetching all drivers by page.
2024-05-12T18:24:51.734+03:00  INFO 31412 --- [main] c.e.f.services.ChefService               : Fetching driver with ID 9
2024-05-12T18:24:51.735+03:00  INFO 31412 --- [main] c.e.f.services.ChefService               : Deleting driver with ID 9
2024-05-12T18:24:51.753+03:00  INFO 31412 --- [main] c.e.f.services.ChefService               : Fetching all drivers
2024-05-12T18:24:51.818+03:00  INFO 31412 --- [main] c.e.f.services.ChefService               : Fetching driver with ID 999
2024-05-12T18:24:51.829+03:00  INFO 31412 --- [SpringApplicationShutdownHook] j.LocalContainerEntityManagerFactoryBean : Closing JPA EntityManagerFactory for persistence unit 'default'
2024-05-12T18:24:51.839+03:00  INFO 31412 --- [SpringApplicationShutdownHook] com.zaxxer.hikari.HikariDataSource       : HikariPool-1 - Shutdown initiated...
2024-05-12T18:24:51.840+03:00  INFO 31412 --- [SpringApplicationShutdownHook] com.zaxxer.hikari.HikariDataSource       : HikariPool-1 - Shutdown completed.
